{"D:\\jest\\arrays.js": {"path":"D:\\jest\\arrays.js","statementMap":{"0":{"start":{"line":1,"column":15},"end":{"line":1,"column":74}},"1":{"start":{"line":3,"column":15},"end":{"line":3,"column":60}},"2":{"start":{"line":6,"column":27},"end":{"line":6,"column":39}},"3":{"start":{"line":6,"column":33},"end":{"line":6,"column":39}},"4":{"start":{"line":7,"column":27},"end":{"line":7,"column":39}},"5":{"start":{"line":7,"column":33},"end":{"line":7,"column":39}}},"fnMap":{"0":{"name":"(anonymous_0)","decl":{"start":{"line":6,"column":27},"end":{"line":6,"column":28}},"loc":{"start":{"line":6,"column":33},"end":{"line":6,"column":39}},"line":6},"1":{"name":"(anonymous_1)","decl":{"start":{"line":7,"column":27},"end":{"line":7,"column":28}},"loc":{"start":{"line":7,"column":33},"end":{"line":7,"column":39}},"line":7}},"branchMap":{},"s":{"0":1,"1":1,"2":1,"3":3,"4":1,"5":1},"f":{"0":3,"1":1},"b":{},"_coverageSchema":"1a1c01bbd47fc00a2c39e90264f33305004495a9","hash":"f6a0b7a8eb9ff0c53e53fb0d2cdc522fd5f4dd16"}
,"D:\\jest\\maths.js": {"path":"D:\\jest\\maths.js","statementMap":{"0":{"start":{"line":1,"column":14},"end":{"line":3,"column":1}},"1":{"start":{"line":2,"column":4},"end":{"line":2,"column":17}},"2":{"start":{"line":5,"column":20},"end":{"line":7,"column":1}},"3":{"start":{"line":6,"column":4},"end":{"line":6,"column":17}},"4":{"start":{"line":9,"column":15},"end":{"line":11,"column":1}},"5":{"start":{"line":10,"column":4},"end":{"line":10,"column":16}},"6":{"start":{"line":13,"column":16},"end":{"line":15,"column":1}},"7":{"start":{"line":14,"column":4},"end":{"line":14,"column":17}},"8":{"start":{"line":17,"column":0},"end":{"line":17,"column":51}}},"fnMap":{"0":{"name":"(anonymous_0)","decl":{"start":{"line":1,"column":14},"end":{"line":1,"column":15}},"loc":{"start":{"line":1,"column":24},"end":{"line":3,"column":1}},"line":1},"1":{"name":"(anonymous_1)","decl":{"start":{"line":5,"column":20},"end":{"line":5,"column":21}},"loc":{"start":{"line":5,"column":30},"end":{"line":7,"column":1}},"line":5},"2":{"name":"(anonymous_2)","decl":{"start":{"line":9,"column":15},"end":{"line":9,"column":16}},"loc":{"start":{"line":9,"column":25},"end":{"line":11,"column":1}},"line":9},"3":{"name":"(anonymous_3)","decl":{"start":{"line":13,"column":16},"end":{"line":13,"column":17}},"loc":{"start":{"line":13,"column":26},"end":{"line":15,"column":1}},"line":13}},"branchMap":{},"s":{"0":1,"1":1,"2":1,"3":1,"4":1,"5":1,"6":1,"7":1,"8":1},"f":{"0":1,"1":1,"2":1,"3":1},"b":{},"_coverageSchema":"1a1c01bbd47fc00a2c39e90264f33305004495a9","hash":"d2473f04e2ae765bbd6c5585b713b9e0b361a88c"}
,"D:\\jest\\numbers.js": {"path":"D:\\jest\\numbers.js","statementMap":{"0":{"start":{"line":1,"column":16},"end":{"line":3,"column":1}},"1":{"start":{"line":2,"column":4},"end":{"line":2,"column":17}},"2":{"start":{"line":5,"column":0},"end":{"line":5,"column":27}}},"fnMap":{"0":{"name":"(anonymous_0)","decl":{"start":{"line":1,"column":16},"end":{"line":1,"column":17}},"loc":{"start":{"line":1,"column":26},"end":{"line":3,"column":1}},"line":1}},"branchMap":{},"s":{"0":1,"1":2,"2":1},"f":{"0":2},"b":{},"_coverageSchema":"1a1c01bbd47fc00a2c39e90264f33305004495a9","hash":"22a3fe0f5d4975ef74040d8e6dc54fe7ec93ae52"}
}
